android/app/build/intermediates/manifest_merge_blame_file/debug/manifest-merger-blame-debug-report.txt
1<?xml version="1.0" encoding="utf-8"?>
2<manifest xmlns:android="http://schemas.android.com/apk/res/android"
3    package="com.shopping"
4    android:versionCode="1"
5    android:versionName="1.0" >
6
7    <uses-sdk
8        android:minSdkVersion="21"
9        android:targetSdkVersion="29" />
10
11    <uses-permission android:name="android.permission.SYSTEM_ALERT_WINDOW" />
11-->src/debug/AndroidManifest.xml:5:5-77
11-->src/debug/AndroidManifest.xml:5:22-75
12    <uses-permission android:name="android.permission.INTERNET" />
12-->src/main/AndroidManifest.xml:4:5-67
12-->src/main/AndroidManifest.xml:4:22-64
13    <uses-permission android:name="android.permission.ACCESS_WIFI_STATE" />
13-->[com.facebook.flipper:flipper:0.75.1] AndroidManifest.xml:16:5-76
13-->[com.facebook.flipper:flipper:0.75.1] AndroidManifest.xml:16:22-73
14
15    <queries>
15-->[com.razorpay:checkout:1.6.19] AndroidManifest.xml:11:5-37:15
16        <intent>
16-->[com.razorpay:checkout:1.6.19] AndroidManifest.xml:12:9-18:18
17            <action android:name="android.intent.action.VIEW" />
17-->[com.razorpay:checkout:1.6.19] AndroidManifest.xml:13:13-65
17-->[com.razorpay:checkout:1.6.19] AndroidManifest.xml:13:21-62
18
19            <data
19-->[com.razorpay:checkout:1.6.19] AndroidManifest.xml:15:13-17:38
20                android:mimeType="*/*"
20-->[com.razorpay:checkout:1.6.19] AndroidManifest.xml:16:17-39
21                android:scheme="*" />
21-->[com.razorpay:checkout:1.6.19] AndroidManifest.xml:17:17-35
22        </intent>
23        <intent>
23-->[com.razorpay:checkout:1.6.19] AndroidManifest.xml:19:9-28:18
24            <action android:name="android.intent.action.VIEW" />
24-->[com.razorpay:checkout:1.6.19] AndroidManifest.xml:13:13-65
24-->[com.razorpay:checkout:1.6.19] AndroidManifest.xml:13:21-62
25
26            <category android:name="android.intent.category.BROWSABLE" />
26-->[com.razorpay:checkout:1.6.19] AndroidManifest.xml:22:13-74
26-->[com.razorpay:checkout:1.6.19] AndroidManifest.xml:22:23-71
27
28            <data
28-->[com.razorpay:checkout:1.6.19] AndroidManifest.xml:15:13-17:38
29                android:host="pay"
30                android:mimeType="*/*"
30-->[com.razorpay:checkout:1.6.19] AndroidManifest.xml:16:17-39
31                android:scheme="upi" />
31-->[com.razorpay:checkout:1.6.19] AndroidManifest.xml:17:17-35
32        </intent>
33        <intent>
33-->[com.razorpay:checkout:1.6.19] AndroidManifest.xml:29:9-31:18
34            <action android:name="android.intent.action.MAIN" />
34-->src/main/AndroidManifest.xml:20:13-65
34-->src/main/AndroidManifest.xml:20:21-62
35        </intent>
36        <intent>
36-->[com.razorpay:checkout:1.6.19] AndroidManifest.xml:32:9-36:18
37            <action android:name="android.intent.action.SEND" />
37-->[com.razorpay:checkout:1.6.19] AndroidManifest.xml:33:13-65
37-->[com.razorpay:checkout:1.6.19] AndroidManifest.xml:33:21-62
38
39            <data android:mimeType="*/*" />
39-->[com.razorpay:checkout:1.6.19] AndroidManifest.xml:15:13-17:38
39-->[com.razorpay:checkout:1.6.19] AndroidManifest.xml:16:17-39
40        </intent>
41    </queries> <!-- Include required permissions for Google Maps API to run. -->
42    <uses-permission android:name="android.permission.ACCESS_NETWORK_STATE" />
42-->[com.google.android.gms:play-services-maps:17.0.0] AndroidManifest.xml:23:5-79
42-->[com.google.android.gms:play-services-maps:17.0.0] AndroidManifest.xml:23:22-76
43
44    <uses-feature
44-->[com.google.android.gms:play-services-maps:17.0.0] AndroidManifest.xml:26:5-28:35
45        android:glEsVersion="0x00020000"
45-->[com.google.android.gms:play-services-maps:17.0.0] AndroidManifest.xml:27:9-41
46        android:required="true" />
46-->[com.google.android.gms:play-services-maps:17.0.0] AndroidManifest.xml:28:9-32
47
48    <application
48-->src/main/AndroidManifest.xml:6:5-24:19
49        android:name="com.shopping.MainApplication"
49-->src/main/AndroidManifest.xml:7:7-38
50        android:allowBackup="false"
50-->src/main/AndroidManifest.xml:11:7-34
51        android:appComponentFactory="androidx.core.app.CoreComponentFactory"
51-->[androidx.core:core:1.5.0] AndroidManifest.xml:24:18-86
52        android:debuggable="true"
53        android:icon="@mipmap/icon"
53-->src/main/AndroidManifest.xml:9:7-34
54        android:label="@string/app_name"
54-->src/main/AndroidManifest.xml:8:7-39
55        android:roundIcon="@mipmap/icon"
55-->src/main/AndroidManifest.xml:10:7-39
56        android:theme="@style/AppTheme"
56-->src/main/AndroidManifest.xml:12:7-38
57        android:usesCleartextTraffic="true" >
57-->src/debug/AndroidManifest.xml:8:9-44
58        <activity android:name="com.facebook.react.devsupport.DevSettingsActivity" />
58-->src/debug/AndroidManifest.xml:11:9-86
58-->src/debug/AndroidManifest.xml:11:19-83
59        <activity
59-->src/main/AndroidManifest.xml:13:7-23:18
60            android:name="com.shopping.MainActivity"
60-->src/main/AndroidManifest.xml:14:9-37
61            android:configChanges="keyboard|keyboardHidden|orientation|screenSize|uiMode"
61-->src/main/AndroidManifest.xml:16:9-86
62            android:label="@string/app_name"
62-->src/main/AndroidManifest.xml:15:9-41
63            android:launchMode="singleTop"
63-->src/main/AndroidManifest.xml:17:9-39
64            android:windowSoftInputMode="adjustPan" >
64-->src/main/AndroidManifest.xml:18:9-48
65            <intent-filter>
65-->src/main/AndroidManifest.xml:19:9-22:25
66                <action android:name="android.intent.action.MAIN" />
66-->src/main/AndroidManifest.xml:20:13-65
66-->src/main/AndroidManifest.xml:20:21-62
67
68                <category android:name="android.intent.category.LAUNCHER" />
68-->src/main/AndroidManifest.xml:21:13-73
68-->src/main/AndroidManifest.xml:21:23-70
69            </intent-filter>
70        </activity>
71        <activity
71-->[:react-native-razorpay] AndroidManifest.xml:12:9-14:86
72            android:name="com.razorpay.CheckoutActivity"
72-->[:react-native-razorpay] AndroidManifest.xml:13:13-57
73            android:configChanges="keyboard|keyboardHidden|orientation|screenSize"
73-->[:react-native-razorpay] AndroidManifest.xml:14:13-83
74            android:exported="true"
74-->[com.razorpay:checkout:1.6.19] AndroidManifest.xml:51:13-36
75            android:theme="@style/CheckoutTheme" >
75-->[com.razorpay:checkout:1.6.19] AndroidManifest.xml:52:13-49
76            <intent-filter>
76-->[com.razorpay:checkout:1.6.19] AndroidManifest.xml:53:13-59:29
77                <action android:name="android.intent.action.MAIN" />
77-->src/main/AndroidManifest.xml:20:13-65
77-->src/main/AndroidManifest.xml:20:21-62
78
79                <data
79-->[com.razorpay:checkout:1.6.19] AndroidManifest.xml:15:13-17:38
80                    android:host="rzp.io"
81                    android:scheme="io.rzp" />
81-->[com.razorpay:checkout:1.6.19] AndroidManifest.xml:17:17-35
82            </intent-filter>
83        </activity>
84
85        <receiver
85-->[com.razorpay:checkout:1.6.19] AndroidManifest.xml:40:9-46:20
86            android:name="com.razorpay.RzpTokenReceiver"
86-->[com.razorpay:checkout:1.6.19] AndroidManifest.xml:41:13-57
87            android:exported="false" >
87-->[com.razorpay:checkout:1.6.19] AndroidManifest.xml:42:13-37
88            <intent-filter>
88-->[com.razorpay:checkout:1.6.19] AndroidManifest.xml:43:13-45:29
89                <action android:name="rzp.device_token.share" />
89-->[com.razorpay:checkout:1.6.19] AndroidManifest.xml:44:17-65
89-->[com.razorpay:checkout:1.6.19] AndroidManifest.xml:44:25-62
90            </intent-filter>
91        </receiver>
92
93        <meta-data
93-->[com.razorpay:checkout:1.6.19] AndroidManifest.xml:62:9-64:58
94            android:name="com.razorpay.plugin.googlepay_all"
94-->[com.razorpay:checkout:1.6.19] AndroidManifest.xml:63:13-61
95            android:value="com.razorpay.RzpGpayMerged" />
95-->[com.razorpay:checkout:1.6.19] AndroidManifest.xml:64:13-55
96
97        <activity
97-->[com.google.android.gms:play-services-auth:20.1.0] AndroidManifest.xml:23:9-27:75
98            android:name="com.google.android.gms.auth.api.signin.internal.SignInHubActivity"
98-->[com.google.android.gms:play-services-auth:20.1.0] AndroidManifest.xml:24:13-93
99            android:excludeFromRecents="true"
99-->[com.google.android.gms:play-services-auth:20.1.0] AndroidManifest.xml:25:13-46
100            android:exported="false"
100-->[com.google.android.gms:play-services-auth:20.1.0] AndroidManifest.xml:26:13-37
101            android:theme="@android:style/Theme.Translucent.NoTitleBar" />
101-->[com.google.android.gms:play-services-auth:20.1.0] AndroidManifest.xml:27:13-72
102        <!--
103            Service handling Google Sign-In user revocation. For apps that do not integrate with
104            Google Sign-In, this service will never be started.
105        -->
106        <service
106-->[com.google.android.gms:play-services-auth:20.1.0] AndroidManifest.xml:33:9-37:51
107            android:name="com.google.android.gms.auth.api.signin.RevocationBoundService"
107-->[com.google.android.gms:play-services-auth:20.1.0] AndroidManifest.xml:34:13-89
108            android:exported="true"
108-->[com.google.android.gms:play-services-auth:20.1.0] AndroidManifest.xml:35:13-36
109            android:permission="com.google.android.gms.auth.api.signin.permission.REVOCATION_NOTIFICATION"
109-->[com.google.android.gms:play-services-auth:20.1.0] AndroidManifest.xml:36:13-107
110            android:visibleToInstantApps="true" /> <!-- Needs to be explicitly declared on P+ -->
110-->[com.google.android.gms:play-services-auth:20.1.0] AndroidManifest.xml:37:13-48
111        <uses-library
111-->[com.google.android.gms:play-services-maps:17.0.0] AndroidManifest.xml:33:9-35:40
112            android:name="org.apache.http.legacy"
112-->[com.google.android.gms:play-services-maps:17.0.0] AndroidManifest.xml:34:13-50
113            android:required="false" />
113-->[com.google.android.gms:play-services-maps:17.0.0] AndroidManifest.xml:35:13-37
114
115        <activity
115-->[com.google.android.gms:play-services-base:18.0.1] AndroidManifest.xml:20:9-22:45
116            android:name="com.google.android.gms.common.api.GoogleApiActivity"
116-->[com.google.android.gms:play-services-base:18.0.1] AndroidManifest.xml:20:19-85
117            android:exported="false"
117-->[com.google.android.gms:play-services-base:18.0.1] AndroidManifest.xml:22:19-43
118            android:theme="@android:style/Theme.Translucent.NoTitleBar" />
118-->[com.google.android.gms:play-services-base:18.0.1] AndroidManifest.xml:21:19-78
119
120        <meta-data
120-->[com.google.android.gms:play-services-basement:18.0.0] AndroidManifest.xml:21:9-23:69
121            android:name="com.google.android.gms.version"
121-->[com.google.android.gms:play-services-basement:18.0.0] AndroidManifest.xml:22:13-58
122            android:value="@integer/google_play_services_version" />
122-->[com.google.android.gms:play-services-basement:18.0.0] AndroidManifest.xml:23:13-66
123    </application>
124
125</manifest>